<?xml version="1.0" encoding="UTF-8"?>
<!-- Generated by org.testng.reporters.JUnitReportReporter -->
<testsuite skipped="0" hostname="DIN83001063" name="RestAssuredApiTesting_BDD.Demo.Delete_Test" tests="1" failures="0" timestamp="22 Aug 2019 06:20:34 GMT" time="1.180" errors="0">
  <testcase name="deleteProductTest" time="1.180" classname="RestAssuredApiTesting_BDD.Demo.Delete_Test"/>
</testsuite> <!-- RestAssuredApiTesting_BDD.Demo.Delete_Test -->
