<?xml version="1.0" encoding="UTF-8"?>
<!-- Generated by org.testng.reporters.JUnitReportReporter -->
<testsuite skipped="0" hostname="DIN83001063" name="RestAssuredApiTesting_BDD.Demo.Get_Test" tests="1" failures="0" timestamp="21 Aug 2019 10:13:07 GMT" time="1.504" errors="0">
  <testcase name="getProductTest" time="1.504" classname="RestAssuredApiTesting_BDD.Demo.Get_Test"/>
</testsuite> <!-- RestAssuredApiTesting_BDD.Demo.Get_Test -->
